<?xml version="1.0" encoding="UTF-8"?>
<!-- Generated by org.testng.reporters.JUnitXMLReporter -->
<testsuite hostname="henrys-MacBook-Pro.local" name="Test" tests="33" failures="0" timestamp="19 Sep 2014 02:42:22 GMT" time="0.087" errors="0">
  <testcase name="testAdd" time="0.006" classname="testNg.CalculatorTestNg"/>
  <testcase name="appleNameTest" time="0.0" classname="testNg.FruitTest"/>
  <testcase name="fruitNameTest" time="0.001" classname="testNg.FruitTest"/>
  <testcase name="testAdd" time="0.001" classname="testNg.ParamTestWithDataProvider1"/>
  <testcase name="testAdd" time="0.001" classname="testNg.ParamTestWithDataProvider1"/>
  <testcase name="testAdd" time="0.001" classname="testNg.ParamTestWithDataProvider1"/>
  <testcase name="testAdd" time="0.001" classname="testNg.ParamTestWithDataProvider1"/>
  <testcase name="testAdd" time="0.001" classname="testNg.ParamTestWithDataProvider1"/>
  <testcase name="testSub" time="0.001" classname="testNg.ParamTestWithDataProvider1"/>
  <testcase name="testSub" time="0.001" classname="testNg.ParamTestWithDataProvider1"/>
  <testcase name="testSub" time="0.0" classname="testNg.ParamTestWithDataProvider1"/>
  <testcase name="testPrimeNumberChecker" time="0.001" classname="testNg.ParamTestWithDataProvider1"/>
  <testcase name="testPrimeNumberChecker" time="0.001" classname="testNg.ParamTestWithDataProvider1"/>
  <testcase name="testPrimeNumberChecker" time="0.001" classname="testNg.ParamTestWithDataProvider1"/>
  <testcase name="testPrimeNumberChecker" time="0.001" classname="testNg.ParamTestWithDataProvider1"/>
  <testcase name="testPrimeNumberChecker" time="0.002" classname="testNg.ParamTestWithDataProvider1"/>
  <testcase name="initEnvironmentTest" time="0.001" classname="testNg.TestDependency"/>
  <testcase name="testSalutationMessage" time="0.001" classname="testNg.TestDependency"/>
  <testcase name="Case2" time="0.001" classname="testNg.TestingTestNgLifeCycle"/>
  <testcase name="testCase1" time="0.001" classname="testNg.TestingTestNgLifeCycle"/>
  <testcase name="testInvocationTest" time="0.006" classname="testNg.TestNGSimpleTest"/>
  <testcase name="testMsg" time="0.001" classname="testNg.TestNGSimpleTest"/>
  <testcase name="testNullPointerException" time="0.001" classname="testNg.TestNGSimpleTest"/>
  <testcase name="testPercentageTest" time="0.001" classname="testNg.TestNGSimpleTest"/>
  <testcase name="testPercentageTest" time="0.001" classname="testNg.TestNGSimpleTest"/>
  <testcase name="testPercentageTest" time="0.0" classname="testNg.TestNGSimpleTest"/>
  <testcase name="testPercentageTest" time="0.0" classname="testNg.TestNGSimpleTest"/>
  <testcase name="testPercentageTest" time="0.0" classname="testNg.TestNGSimpleTest"/>
  <testcase name="testPercentageTest" time="0.001" classname="testNg.TestNGSimpleTest"/>
  <testcase name="testPercentageTest" time="0.001" classname="testNg.TestNGSimpleTest"/>
  <testcase name="testPercentageTest" time="0.0" classname="testNg.TestNGSimpleTest"/>
  <testcase name="testPercentageTest" time="0.0" classname="testNg.TestNGSimpleTest"/>
  <testcase name="testPercentageTest" time="0.0" classname="testNg.TestNGSimpleTest"/>
</testsuite> <!-- Test -->
